<?xml version="1.0" encoding="UTF-8"?>
<!-- Generated by org.testng.reporters.JUnitReportReporter -->
<testsuite hostname="LAPTOP-7LVVFEO1" failures="0" tests="3" name="testcases.HeaderTest" time="2.802" errors="0" timestamp="2025-12-28T15:34:53 IST" skipped="0">
  <testcase classname="testcases.HeaderTest" name="checkSearch" time="0.420"/>
  <testcase classname="testcases.HeaderTest" name="checkAbout" time="1.174"/>
  <testcase classname="testcases.HeaderTest" name="checkContact" time="1.208"/>
</testsuite> <!-- testcases.HeaderTest -->
