<?xml version="1.0" encoding="UTF-8"?>
<!-- Generated by org.testng.reporters.JUnitReportReporter -->
<testsuite hostname="LAPTOP-7LVVFEO1" failures="0" tests="5" name="testcases.CartTest" time="27.200" errors="0" timestamp="2025-12-28T15:34:53 IST" skipped="0">
  <testcase classname="testcases.CartTest" name="cartPageLoaded" time="0.017"/>
  <testcase classname="testcases.CartTest" name="checkIncreaseQty" time="5.415"/>
  <testcase classname="testcases.CartTest" name="checkDecreaseQty" time="0.205"/>
  <testcase classname="testcases.CartTest" name="checkRemove" time="20.313"/>
  <testcase classname="testcases.CartTest" name="placingOrder" time="1.250"/>
</testsuite> <!-- testcases.CartTest -->
